<?xml version="1.0" encoding="UTF-8" ?>
<testsuites errors="1"
            failures="1"
            tests="11">

  <testsuite name="Test"
    errors="1" failures="1" hostname="" id="" package="Test" skipped="3"
    tests="11" time="109.7" timestamp="">
  
    <testcase name="1.) User entering valid input in First Name  : " classname="Test" time="0.1530" assertions="1">

    
    </testcase>
  
    <testcase name="2.) User entering valid input in Last Name : " classname="Test" time="1.099" assertions="1">

    
    </testcase>
  
    <testcase name="3.) User entering valid input in Email : " classname="Test" time="1.148" assertions="1">

    
    </testcase>
  
    <testcase name="4.) User entering valid input in Email : " classname="Test" time="3.118" assertions="2">

    

    
    </testcase>
  
    <testcase name="5.) User entering valid input in Email : " classname="Test" time="1.102" assertions="1">

    
    </testcase>
  
    <testcase name="6.) User is able to select date of current year : " classname="Test" time="1.321" assertions="1">

    
    </testcase>
  
    <testcase name="7.) User is able to enter atleast one subject : " classname="Test" time="2.309" assertions="1">

    
    </testcase>
  
    <testcase name="8.) User is able to select atleast one of the hobbies: " classname="Test" time="4.268" assertions="3">

    

    

    
    </testcase>
  
    <testcase name="9.) User is able to enter address using alphabets and numbers : " classname="Test" time="2.257" assertions="0">
    </testcase>
  
    <testcase name="10.) User should be able to click on submit button with entering required fields : " classname="Test" time="7.118" assertions="1">

    
    <error type="error"><![CDATA[
    Error
    at Page.submitButton (/home/knoldus/Desktop/DemoQA/nightwatch/page-objects/W3school/Homepage.js:102:21)
    at DescribeInstance.&lt;anonymous&gt; (/home/knoldus/Desktop/DemoQA/test/Test.js:84:16)
    ]]></error>
    
    </testcase>
  
    <testcase name="11.) User should be able to see Submission Message : " classname="Test" time="5.304" assertions="1">  <failure message="Testing if element &lt;Element [name=@SubmitMessage]&gt; contains text &#39;Thanks for submitting the form&#39; in 5000ms - expected &#34;contains text &#39;Thanks for submitting the form&#39;&#34; but got: &#34;element could not be located&#34; (5245ms)">    at Page.submissionMessage (/home/knoldus/Desktop/DemoQA/nightwatch/page-objects/W3school/Homepage.js:107:17)
    at DescribeInstance.&lt;anonymous&gt; (/home/knoldus/Desktop/DemoQA/test/Test.js:88:16)</failure>

    
    </testcase>
  

  
    <system-err>
       TimeoutError
   An error occurred while running .click() command on &lt;Element [name=@submitButton]&gt;: element click intercepted: Element &lt;button id=&#34;submit&#34; type=&#34;submit&#34; class=&#34;btn btn-primary&#34;&gt;...&lt;/button&gt; is not clickable at point (1314, 911). Other element would receive the click: &lt;div id=&#34;adplus-anchor&#34; data-google-query-id=&#34;CN6M6ISr2IQDFfKqrAIdgAMKpQ&#34;&gt;...&lt;/div&gt;
  (Session info: chrome=122.0.6261.57)
    {&#34;error&#34;:{&#34;name&#34;:&#34;ElementClickInterceptedError&#34;,&#34;remoteStacktrace&#34;:&#34;&#34;},&#34;status&#34;:-1,&#34;value&#34;:null}

    Error location:
    /home/knoldus/Desktop/DemoQA/test/Test.js:84
    –––––––––––––––––––––––––––––––––––––––––––
     82 |       homePage.waitForElementVisible(&#39;@submitButton&#39;)
     83 |       homePage.pause(2000)
     84 |       homePage.submitButton()  
     85 |     })
     86 | 
    –––––––––––––––––––––––––––––––––––––––––––

    </system-err>
  

    

  
    
    <testcase
      name="12.) User is able to see all added enteries : " classname="Test">
      <skipped />
    </testcase>
    
    <testcase
      name="13.) user is able to close the filled form display: " classname="Test">
      <skipped />
    </testcase>
    
    <testcase
      name="14.) Entering Inavlid Email Should show error: " classname="Test">
      <skipped />
    </testcase>
    
  
  </testsuite>
</testsuites>
